<?xml version="1.0" encoding="UTF-8"?>
<testsuite xmlns:xsi="http://www.w3.org/2001/XMLSchema-instance" xsi:noNamespaceSchemaLocation="https://maven.apache.org/surefire/maven-surefire-plugin/xsd/surefire-test-report-3.0.xsd" version="3.0" name="TestSuite" time="72.89" tests="4" errors="0" skipped="1" failures="0">
  <properties>
    <property name="sun.desktop" value="windows"/>
    <property name="awt.toolkit" value="sun.awt.windows.WToolkit"/>
    <property name="file.encoding.pkg" value="sun.io"/>
    <property name="java.specification.version" value="1.8"/>
    <property name="webdriver.chrome.driver" value="D:\Ramya selenium\MyFramework\myProject/src/main/resources/drivers/chromedriver.exe"/>
    <property name="sun.cpu.isalist" value="amd64"/>
    <property name="sun.jnu.encoding" value="Cp1252"/>
    <property name="java.class.path" value="D:\Ramya selenium\MyFramework\myProject\target\test-classes;D:\Ramya selenium\MyFramework\myProject\target\classes;C:\Users\vamsi_000\.m2\repository\com\beust\jcommander\1.78\jcommander-1.78.jar;C:\Users\vamsi_000\.m2\repository\org\codehaus\mojo\exec-maven-plugin\1.6.0\exec-maven-plugin-1.6.0.jar;C:\Users\vamsi_000\.m2\repository\org\apache\maven\maven-toolchain\2.2.1\maven-toolchain-2.2.1.jar;C:\Users\vamsi_000\.m2\repository\org\apache\maven\maven-project\2.2.1\maven-project-2.2.1.jar;C:\Users\vamsi_000\.m2\repository\org\apache\maven\maven-settings\2.2.1\maven-settings-2.2.1.jar;C:\Users\vamsi_000\.m2\repository\org\apache\maven\maven-profile\2.2.1\maven-profile-2.2.1.jar;C:\Users\vamsi_000\.m2\repository\org\apache\maven\maven-plugin-registry\2.2.1\maven-plugin-registry-2.2.1.jar;C:\Users\vamsi_000\.m2\repository\org\codehaus\plexus\plexus-interpolation\1.11\plexus-interpolation-1.11.jar;C:\Users\vamsi_000\.m2\repository\org\codehaus\plexus\plexus-container-default\1.0-alpha-9-stable-1\plexus-container-default-1.0-alpha-9-stable-1.jar;C:\Users\vamsi_000\.m2\repository\junit\junit\3.8.1\junit-3.8.1.jar;C:\Users\vamsi_000\.m2\repository\org\apache\maven\maven-model\2.2.1\maven-model-2.2.1.jar;C:\Users\vamsi_000\.m2\repository\org\apache\maven\maven-artifact\2.2.1\maven-artifact-2.2.1.jar;C:\Users\vamsi_000\.m2\repository\org\apache\maven\maven-artifact-manager\2.2.1\maven-artifact-manager-2.2.1.jar;C:\Users\vamsi_000\.m2\repository\org\apache\maven\maven-repository-metadata\2.2.1\maven-repository-metadata-2.2.1.jar;C:\Users\vamsi_000\.m2\repository\org\apache\maven\wagon\wagon-provider-api\1.0-beta-6\wagon-provider-api-1.0-beta-6.jar;C:\Users\vamsi_000\.m2\repository\backport-util-concurrent\backport-util-concurrent\3.1\backport-util-concurrent-3.1.jar;C:\Users\vamsi_000\.m2\repository\org\apache\maven\maven-core\2.2.1\maven-core-2.2.1.jar;C:\Users\vamsi_000\.m2\repository\org\apache\maven\wagon\wagon-file\1.0-beta-6\wagon-file-1.0-beta-6.jar;C:\Users\vamsi_000\.m2\repository\org\apache\maven\maven-plugin-parameter-documenter\2.2.1\maven-plugin-parameter-documenter-2.2.1.jar;C:\Users\vamsi_000\.m2\repository\org\apache\maven\wagon\wagon-http-lightweight\1.0-beta-6\wagon-http-lightweight-1.0-beta-6.jar;C:\Users\vamsi_000\.m2\repository\org\apache\maven\wagon\wagon-http-shared\1.0-beta-6\wagon-http-shared-1.0-beta-6.jar;C:\Users\vamsi_000\.m2\repository\nekohtml\xercesMinimal\1.9.6.2\xercesMinimal-1.9.6.2.jar;C:\Users\vamsi_000\.m2\repository\nekohtml\nekohtml\1.9.6.2\nekohtml-1.9.6.2.jar;C:\Users\vamsi_000\.m2\repository\org\apache\maven\wagon\wagon-http\1.0-beta-6\wagon-http-1.0-beta-6.jar;C:\Users\vamsi_000\.m2\repository\org\apache\maven\wagon\wagon-webdav-jackrabbit\1.0-beta-6\wagon-webdav-jackrabbit-1.0-beta-6.jar;C:\Users\vamsi_000\.m2\repository\org\apache\jackrabbit\jackrabbit-webdav\1.5.0\jackrabbit-webdav-1.5.0.jar;C:\Users\vamsi_000\.m2\repository\org\slf4j\slf4j-nop\1.5.3\slf4j-nop-1.5.3.jar;C:\Users\vamsi_000\.m2\repository\org\slf4j\slf4j-jdk14\1.5.6\slf4j-jdk14-1.5.6.jar;C:\Users\vamsi_000\.m2\repository\org\slf4j\slf4j-api\1.5.6\slf4j-api-1.5.6.jar;C:\Users\vamsi_000\.m2\repository\org\slf4j\jcl-over-slf4j\1.5.6\jcl-over-slf4j-1.5.6.jar;C:\Users\vamsi_000\.m2\repository\org\apache\maven\reporting\maven-reporting-api\2.2.1\maven-reporting-api-2.2.1.jar;C:\Users\vamsi_000\.m2\repository\org\apache\maven\doxia\doxia-sink-api\1.1\doxia-sink-api-1.1.jar;C:\Users\vamsi_000\.m2\repository\org\apache\maven\doxia\doxia-logging-api\1.1\doxia-logging-api-1.1.jar;C:\Users\vamsi_000\.m2\repository\org\apache\maven\maven-error-diagnostics\2.2.1\maven-error-diagnostics-2.2.1.jar;C:\Users\vamsi_000\.m2\repository\commons-cli\commons-cli\1.2\commons-cli-1.2.jar;C:\Users\vamsi_000\.m2\repository\org\apache\maven\wagon\wagon-ssh-external\1.0-beta-6\wagon-ssh-external-1.0-beta-6.jar;C:\Users\vamsi_000\.m2\repository\org\apache\maven\wagon\wagon-ssh-common\1.0-beta-6\wagon-ssh-common-1.0-beta-6.jar;C:\Users\vamsi_000\.m2\repository\org\apache\maven\maven-plugin-descriptor\2.2.1\maven-plugin-descriptor-2.2.1.jar;C:\Users\vamsi_000\.m2\repository\org\codehaus\plexus\plexus-interactivity-api\1.0-alpha-4\plexus-interactivity-api-1.0-alpha-4.jar;C:\Users\vamsi_000\.m2\repository\org\apache\maven\maven-monitor\2.2.1\maven-monitor-2.2.1.jar;C:\Users\vamsi_000\.m2\repository\org\apache\maven\wagon\wagon-ssh\1.0-beta-6\wagon-ssh-1.0-beta-6.jar;C:\Users\vamsi_000\.m2\repository\com\jcraft\jsch\0.1.38\jsch-0.1.38.jar;C:\Users\vamsi_000\.m2\repository\classworlds\classworlds\1.1\classworlds-1.1.jar;C:\Users\vamsi_000\.m2\repository\org\sonatype\plexus\plexus-sec-dispatcher\1.3\plexus-sec-dispatcher-1.3.jar;C:\Users\vamsi_000\.m2\repository\org\sonatype\plexus\plexus-cipher\1.4\plexus-cipher-1.4.jar;C:\Users\vamsi_000\.m2\repository\org\apache\maven\maven-plugin-api\2.2.1\maven-plugin-api-2.2.1.jar;C:\Users\vamsi_000\.m2\repository\org\codehaus\plexus\plexus-utils\3.0.20\plexus-utils-3.0.20.jar;C:\Users\vamsi_000\.m2\repository\org\apache\commons\commons-exec\1.3\commons-exec-1.3.jar;C:\Users\vamsi_000\.m2\repository\org\seleniumhq\selenium\selenium-java\3.11.0\selenium-java-3.11.0.jar;C:\Users\vamsi_000\.m2\repository\org\seleniumhq\selenium\selenium-api\3.11.0\selenium-api-3.11.0.jar;C:\Users\vamsi_000\.m2\repository\org\seleniumhq\selenium\selenium-chrome-driver\3.11.0\selenium-chrome-driver-3.11.0.jar;C:\Users\vamsi_000\.m2\repository\org\seleniumhq\selenium\selenium-edge-driver\3.11.0\selenium-edge-driver-3.11.0.jar;C:\Users\vamsi_000\.m2\repository\org\seleniumhq\selenium\selenium-firefox-driver\3.11.0\selenium-firefox-driver-3.11.0.jar;C:\Users\vamsi_000\.m2\repository\org\seleniumhq\selenium\selenium-ie-driver\3.11.0\selenium-ie-driver-3.11.0.jar;C:\Users\vamsi_000\.m2\repository\org\seleniumhq\selenium\selenium-opera-driver\3.11.0\selenium-opera-driver-3.11.0.jar;C:\Users\vamsi_000\.m2\repository\org\seleniumhq\selenium\selenium-remote-driver\3.11.0\selenium-remote-driver-3.11.0.jar;C:\Users\vamsi_000\.m2\repository\org\seleniumhq\selenium\selenium-safari-driver\3.11.0\selenium-safari-driver-3.11.0.jar;C:\Users\vamsi_000\.m2\repository\org\seleniumhq\selenium\selenium-support\3.11.0\selenium-support-3.11.0.jar;C:\Users\vamsi_000\.m2\repository\net\bytebuddy\byte-buddy\1.7.9\byte-buddy-1.7.9.jar;C:\Users\vamsi_000\.m2\repository\commons-codec\commons-codec\1.10\commons-codec-1.10.jar;C:\Users\vamsi_000\.m2\repository\com\google\code\gson\gson\2.8.2\gson-2.8.2.jar;C:\Users\vamsi_000\.m2\repository\com\google\guava\guava\23.6-jre\guava-23.6-jre.jar;C:\Users\vamsi_000\.m2\repository\com\google\code\findbugs\jsr305\1.3.9\jsr305-1.3.9.jar;C:\Users\vamsi_000\.m2\repository\org\checkerframework\checker-compat-qual\2.0.0\checker-compat-qual-2.0.0.jar;C:\Users\vamsi_000\.m2\repository\com\google\errorprone\error_prone_annotations\2.1.3\error_prone_annotations-2.1.3.jar;C:\Users\vamsi_000\.m2\repository\com\google\j2objc\j2objc-annotations\1.1\j2objc-annotations-1.1.jar;C:\Users\vamsi_000\.m2\repository\org\codehaus\mojo\animal-sniffer-annotations\1.14\animal-sniffer-annotations-1.14.jar;C:\Users\vamsi_000\.m2\repository\org\apache\httpcomponents\httpclient\4.5.3\httpclient-4.5.3.jar;C:\Users\vamsi_000\.m2\repository\org\apache\httpcomponents\httpcore\4.4.6\httpcore-4.4.6.jar;C:\Users\vamsi_000\.m2\repository\com\squareup\okhttp3\okhttp\3.9.1\okhttp-3.9.1.jar;C:\Users\vamsi_000\.m2\repository\com\squareup\okio\okio\1.13.0\okio-1.13.0.jar;C:\Users\vamsi_000\.m2\repository\org\testng\testng\6.14.3\testng-6.14.3.jar;C:\Users\vamsi_000\.m2\repository\org\apache-extras\beanshell\bsh\2.0b6\bsh-2.0b6.jar;C:\Users\vamsi_000\.m2\repository\com\codoid\products\fillo\1.18\fillo-1.18.jar;C:\Users\vamsi_000\.m2\repository\log4j\log4j\1.2.17\log4j-1.2.17.jar;C:\Users\vamsi_000\.m2\repository\org\apache\poi\poi\3.17\poi-3.17.jar;C:\Users\vamsi_000\.m2\repository\org\apache\commons\commons-collections4\4.1\commons-collections4-4.1.jar;C:\Users\vamsi_000\.m2\repository\org\apache\poi\poi-ooxml\3.17\poi-ooxml-3.17.jar;C:\Users\vamsi_000\.m2\repository\org\apache\poi\poi-ooxml-schemas\3.17\poi-ooxml-schemas-3.17.jar;C:\Users\vamsi_000\.m2\repository\org\apache\xmlbeans\xmlbeans\2.6.0\xmlbeans-2.6.0.jar;C:\Users\vamsi_000\.m2\repository\stax\stax-api\1.0.1\stax-api-1.0.1.jar;C:\Users\vamsi_000\.m2\repository\com\github\virtuald\curvesapi\1.04\curvesapi-1.04.jar;C:\Users\vamsi_000\.m2\repository\commons-httpclient\commons-httpclient\3.1\commons-httpclient-3.1.jar;C:\Users\vamsi_000\.m2\repository\org\apache\jackrabbit\jackrabbit-jcr-commons\2.21.3\jackrabbit-jcr-commons-2.21.3.jar;C:\Users\vamsi_000\.m2\repository\com\aventstack\extentreports\3.0.0\extentreports-3.0.0.jar;C:\Users\vamsi_000\.m2\repository\org\freemarker\freemarker\2.3.23\freemarker-2.3.23.jar;C:\Users\vamsi_000\.m2\repository\org\mongodb\mongodb-driver\3.3.0\mongodb-driver-3.3.0.jar;C:\Users\vamsi_000\.m2\repository\org\mongodb\bson\3.3.0\bson-3.3.0.jar;C:\Users\vamsi_000\.m2\repository\org\mongodb\mongodb-driver-core\3.3.0\mongodb-driver-core-3.3.0.jar;C:\Users\vamsi_000\.m2\repository\org\apache\httpcomponents\httpmime\4.1\httpmime-4.1.jar;C:\Users\vamsi_000\.m2\repository\commons-logging\commons-logging\1.1.1\commons-logging-1.1.1.jar;C:\Users\vamsi_000\.m2\repository\commons-io\commons-io\2.4\commons-io-2.4.jar;C:\Users\vamsi_000\.m2\repository\com\microsoft\sqlserver\mssql-jdbc\6.3.6.jre8-preview\mssql-jdbc-6.3.6.jre8-preview.jar;"/>
    <property name="java.vm.vendor" value="Oracle Corporation"/>
    <property name="sun.arch.data.model" value="64"/>
    <property name="user.variant" value=""/>
    <property name="java.vendor.url" value="http://java.oracle.com/"/>
    <property name="user.timezone" value="Asia/Calcutta"/>
    <property name="java.vm.specification.version" value="1.8"/>
    <property name="os.name" value="Windows 8.1"/>
    <property name="user.country" value="US"/>
    <property name="sun.java.launcher" value="SUN_STANDARD"/>
    <property name="sun.boot.library.path" value="C:\Program Files\Java\jdk1.8.0_271\jre\bin"/>
    <property name="sun.java.command" value="C:\Users\vamsi_000\AppData\Local\Temp\surefire5950161043172836094\surefirebooter2260371487803617549.jar C:\Users\vamsi_000\AppData\Local\Temp\surefire5950161043172836094 2020-10-21T21-42-32_522-jvmRun1 surefire3528102983800527383tmp surefire_08429935978891689273tmp"/>
    <property name="surefire.test.class.path" value="D:\Ramya selenium\MyFramework\myProject\target\test-classes;D:\Ramya selenium\MyFramework\myProject\target\classes;C:\Users\vamsi_000\.m2\repository\com\beust\jcommander\1.78\jcommander-1.78.jar;C:\Users\vamsi_000\.m2\repository\org\codehaus\mojo\exec-maven-plugin\1.6.0\exec-maven-plugin-1.6.0.jar;C:\Users\vamsi_000\.m2\repository\org\apache\maven\maven-toolchain\2.2.1\maven-toolchain-2.2.1.jar;C:\Users\vamsi_000\.m2\repository\org\apache\maven\maven-project\2.2.1\maven-project-2.2.1.jar;C:\Users\vamsi_000\.m2\repository\org\apache\maven\maven-settings\2.2.1\maven-settings-2.2.1.jar;C:\Users\vamsi_000\.m2\repository\org\apache\maven\maven-profile\2.2.1\maven-profile-2.2.1.jar;C:\Users\vamsi_000\.m2\repository\org\apache\maven\maven-plugin-registry\2.2.1\maven-plugin-registry-2.2.1.jar;C:\Users\vamsi_000\.m2\repository\org\codehaus\plexus\plexus-interpolation\1.11\plexus-interpolation-1.11.jar;C:\Users\vamsi_000\.m2\repository\org\codehaus\plexus\plexus-container-default\1.0-alpha-9-stable-1\plexus-container-default-1.0-alpha-9-stable-1.jar;C:\Users\vamsi_000\.m2\repository\junit\junit\3.8.1\junit-3.8.1.jar;C:\Users\vamsi_000\.m2\repository\org\apache\maven\maven-model\2.2.1\maven-model-2.2.1.jar;C:\Users\vamsi_000\.m2\repository\org\apache\maven\maven-artifact\2.2.1\maven-artifact-2.2.1.jar;C:\Users\vamsi_000\.m2\repository\org\apache\maven\maven-artifact-manager\2.2.1\maven-artifact-manager-2.2.1.jar;C:\Users\vamsi_000\.m2\repository\org\apache\maven\maven-repository-metadata\2.2.1\maven-repository-metadata-2.2.1.jar;C:\Users\vamsi_000\.m2\repository\org\apache\maven\wagon\wagon-provider-api\1.0-beta-6\wagon-provider-api-1.0-beta-6.jar;C:\Users\vamsi_000\.m2\repository\backport-util-concurrent\backport-util-concurrent\3.1\backport-util-concurrent-3.1.jar;C:\Users\vamsi_000\.m2\repository\org\apache\maven\maven-core\2.2.1\maven-core-2.2.1.jar;C:\Users\vamsi_000\.m2\repository\org\apache\maven\wagon\wagon-file\1.0-beta-6\wagon-file-1.0-beta-6.jar;C:\Users\vamsi_000\.m2\repository\org\apache\maven\maven-plugin-parameter-documenter\2.2.1\maven-plugin-parameter-documenter-2.2.1.jar;C:\Users\vamsi_000\.m2\repository\org\apache\maven\wagon\wagon-http-lightweight\1.0-beta-6\wagon-http-lightweight-1.0-beta-6.jar;C:\Users\vamsi_000\.m2\repository\org\apache\maven\wagon\wagon-http-shared\1.0-beta-6\wagon-http-shared-1.0-beta-6.jar;C:\Users\vamsi_000\.m2\repository\nekohtml\xercesMinimal\1.9.6.2\xercesMinimal-1.9.6.2.jar;C:\Users\vamsi_000\.m2\repository\nekohtml\nekohtml\1.9.6.2\nekohtml-1.9.6.2.jar;C:\Users\vamsi_000\.m2\repository\org\apache\maven\wagon\wagon-http\1.0-beta-6\wagon-http-1.0-beta-6.jar;C:\Users\vamsi_000\.m2\repository\org\apache\maven\wagon\wagon-webdav-jackrabbit\1.0-beta-6\wagon-webdav-jackrabbit-1.0-beta-6.jar;C:\Users\vamsi_000\.m2\repository\org\apache\jackrabbit\jackrabbit-webdav\1.5.0\jackrabbit-webdav-1.5.0.jar;C:\Users\vamsi_000\.m2\repository\org\slf4j\slf4j-nop\1.5.3\slf4j-nop-1.5.3.jar;C:\Users\vamsi_000\.m2\repository\org\slf4j\slf4j-jdk14\1.5.6\slf4j-jdk14-1.5.6.jar;C:\Users\vamsi_000\.m2\repository\org\slf4j\slf4j-api\1.5.6\slf4j-api-1.5.6.jar;C:\Users\vamsi_000\.m2\repository\org\slf4j\jcl-over-slf4j\1.5.6\jcl-over-slf4j-1.5.6.jar;C:\Users\vamsi_000\.m2\repository\org\apache\maven\reporting\maven-reporting-api\2.2.1\maven-reporting-api-2.2.1.jar;C:\Users\vamsi_000\.m2\repository\org\apache\maven\doxia\doxia-sink-api\1.1\doxia-sink-api-1.1.jar;C:\Users\vamsi_000\.m2\repository\org\apache\maven\doxia\doxia-logging-api\1.1\doxia-logging-api-1.1.jar;C:\Users\vamsi_000\.m2\repository\org\apache\maven\maven-error-diagnostics\2.2.1\maven-error-diagnostics-2.2.1.jar;C:\Users\vamsi_000\.m2\repository\commons-cli\commons-cli\1.2\commons-cli-1.2.jar;C:\Users\vamsi_000\.m2\repository\org\apache\maven\wagon\wagon-ssh-external\1.0-beta-6\wagon-ssh-external-1.0-beta-6.jar;C:\Users\vamsi_000\.m2\repository\org\apache\maven\wagon\wagon-ssh-common\1.0-beta-6\wagon-ssh-common-1.0-beta-6.jar;C:\Users\vamsi_000\.m2\repository\org\apache\maven\maven-plugin-descriptor\2.2.1\maven-plugin-descriptor-2.2.1.jar;C:\Users\vamsi_000\.m2\repository\org\codehaus\plexus\plexus-interactivity-api\1.0-alpha-4\plexus-interactivity-api-1.0-alpha-4.jar;C:\Users\vamsi_000\.m2\repository\org\apache\maven\maven-monitor\2.2.1\maven-monitor-2.2.1.jar;C:\Users\vamsi_000\.m2\repository\org\apache\maven\wagon\wagon-ssh\1.0-beta-6\wagon-ssh-1.0-beta-6.jar;C:\Users\vamsi_000\.m2\repository\com\jcraft\jsch\0.1.38\jsch-0.1.38.jar;C:\Users\vamsi_000\.m2\repository\classworlds\classworlds\1.1\classworlds-1.1.jar;C:\Users\vamsi_000\.m2\repository\org\sonatype\plexus\plexus-sec-dispatcher\1.3\plexus-sec-dispatcher-1.3.jar;C:\Users\vamsi_000\.m2\repository\org\sonatype\plexus\plexus-cipher\1.4\plexus-cipher-1.4.jar;C:\Users\vamsi_000\.m2\repository\org\apache\maven\maven-plugin-api\2.2.1\maven-plugin-api-2.2.1.jar;C:\Users\vamsi_000\.m2\repository\org\codehaus\plexus\plexus-utils\3.0.20\plexus-utils-3.0.20.jar;C:\Users\vamsi_000\.m2\repository\org\apache\commons\commons-exec\1.3\commons-exec-1.3.jar;C:\Users\vamsi_000\.m2\repository\org\seleniumhq\selenium\selenium-java\3.11.0\selenium-java-3.11.0.jar;C:\Users\vamsi_000\.m2\repository\org\seleniumhq\selenium\selenium-api\3.11.0\selenium-api-3.11.0.jar;C:\Users\vamsi_000\.m2\repository\org\seleniumhq\selenium\selenium-chrome-driver\3.11.0\selenium-chrome-driver-3.11.0.jar;C:\Users\vamsi_000\.m2\repository\org\seleniumhq\selenium\selenium-edge-driver\3.11.0\selenium-edge-driver-3.11.0.jar;C:\Users\vamsi_000\.m2\repository\org\seleniumhq\selenium\selenium-firefox-driver\3.11.0\selenium-firefox-driver-3.11.0.jar;C:\Users\vamsi_000\.m2\repository\org\seleniumhq\selenium\selenium-ie-driver\3.11.0\selenium-ie-driver-3.11.0.jar;C:\Users\vamsi_000\.m2\repository\org\seleniumhq\selenium\selenium-opera-driver\3.11.0\selenium-opera-driver-3.11.0.jar;C:\Users\vamsi_000\.m2\repository\org\seleniumhq\selenium\selenium-remote-driver\3.11.0\selenium-remote-driver-3.11.0.jar;C:\Users\vamsi_000\.m2\repository\org\seleniumhq\selenium\selenium-safari-driver\3.11.0\selenium-safari-driver-3.11.0.jar;C:\Users\vamsi_000\.m2\repository\org\seleniumhq\selenium\selenium-support\3.11.0\selenium-support-3.11.0.jar;C:\Users\vamsi_000\.m2\repository\net\bytebuddy\byte-buddy\1.7.9\byte-buddy-1.7.9.jar;C:\Users\vamsi_000\.m2\repository\commons-codec\commons-codec\1.10\commons-codec-1.10.jar;C:\Users\vamsi_000\.m2\repository\com\google\code\gson\gson\2.8.2\gson-2.8.2.jar;C:\Users\vamsi_000\.m2\repository\com\google\guava\guava\23.6-jre\guava-23.6-jre.jar;C:\Users\vamsi_000\.m2\repository\com\google\code\findbugs\jsr305\1.3.9\jsr305-1.3.9.jar;C:\Users\vamsi_000\.m2\repository\org\checkerframework\checker-compat-qual\2.0.0\checker-compat-qual-2.0.0.jar;C:\Users\vamsi_000\.m2\repository\com\google\errorprone\error_prone_annotations\2.1.3\error_prone_annotations-2.1.3.jar;C:\Users\vamsi_000\.m2\repository\com\google\j2objc\j2objc-annotations\1.1\j2objc-annotations-1.1.jar;C:\Users\vamsi_000\.m2\repository\org\codehaus\mojo\animal-sniffer-annotations\1.14\animal-sniffer-annotations-1.14.jar;C:\Users\vamsi_000\.m2\repository\org\apache\httpcomponents\httpclient\4.5.3\httpclient-4.5.3.jar;C:\Users\vamsi_000\.m2\repository\org\apache\httpcomponents\httpcore\4.4.6\httpcore-4.4.6.jar;C:\Users\vamsi_000\.m2\repository\com\squareup\okhttp3\okhttp\3.9.1\okhttp-3.9.1.jar;C:\Users\vamsi_000\.m2\repository\com\squareup\okio\okio\1.13.0\okio-1.13.0.jar;C:\Users\vamsi_000\.m2\repository\org\testng\testng\6.14.3\testng-6.14.3.jar;C:\Users\vamsi_000\.m2\repository\org\apache-extras\beanshell\bsh\2.0b6\bsh-2.0b6.jar;C:\Users\vamsi_000\.m2\repository\com\codoid\products\fillo\1.18\fillo-1.18.jar;C:\Users\vamsi_000\.m2\repository\log4j\log4j\1.2.17\log4j-1.2.17.jar;C:\Users\vamsi_000\.m2\repository\org\apache\poi\poi\3.17\poi-3.17.jar;C:\Users\vamsi_000\.m2\repository\org\apache\commons\commons-collections4\4.1\commons-collections4-4.1.jar;C:\Users\vamsi_000\.m2\repository\org\apache\poi\poi-ooxml\3.17\poi-ooxml-3.17.jar;C:\Users\vamsi_000\.m2\repository\org\apache\poi\poi-ooxml-schemas\3.17\poi-ooxml-schemas-3.17.jar;C:\Users\vamsi_000\.m2\repository\org\apache\xmlbeans\xmlbeans\2.6.0\xmlbeans-2.6.0.jar;C:\Users\vamsi_000\.m2\repository\stax\stax-api\1.0.1\stax-api-1.0.1.jar;C:\Users\vamsi_000\.m2\repository\com\github\virtuald\curvesapi\1.04\curvesapi-1.04.jar;C:\Users\vamsi_000\.m2\repository\commons-httpclient\commons-httpclient\3.1\commons-httpclient-3.1.jar;C:\Users\vamsi_000\.m2\repository\org\apache\jackrabbit\jackrabbit-jcr-commons\2.21.3\jackrabbit-jcr-commons-2.21.3.jar;C:\Users\vamsi_000\.m2\repository\com\aventstack\extentreports\3.0.0\extentreports-3.0.0.jar;C:\Users\vamsi_000\.m2\repository\org\freemarker\freemarker\2.3.23\freemarker-2.3.23.jar;C:\Users\vamsi_000\.m2\repository\org\mongodb\mongodb-driver\3.3.0\mongodb-driver-3.3.0.jar;C:\Users\vamsi_000\.m2\repository\org\mongodb\bson\3.3.0\bson-3.3.0.jar;C:\Users\vamsi_000\.m2\repository\org\mongodb\mongodb-driver-core\3.3.0\mongodb-driver-core-3.3.0.jar;C:\Users\vamsi_000\.m2\repository\org\apache\httpcomponents\httpmime\4.1\httpmime-4.1.jar;C:\Users\vamsi_000\.m2\repository\commons-logging\commons-logging\1.1.1\commons-logging-1.1.1.jar;C:\Users\vamsi_000\.m2\repository\commons-io\commons-io\2.4\commons-io-2.4.jar;C:\Users\vamsi_000\.m2\repository\com\microsoft\sqlserver\mssql-jdbc\6.3.6.jre8-preview\mssql-jdbc-6.3.6.jre8-preview.jar;"/>
    <property name="sun.cpu.endian" value="little"/>
    <property name="user.home" value="C:\Users\vamsi_000"/>
    <property name="user.language" value="en"/>
    <property name="java.specification.vendor" value="Oracle Corporation"/>
    <property name="java.home" value="C:\Program Files\Java\jdk1.8.0_271\jre"/>
    <property name="basedir" value="D:\Ramya selenium\MyFramework\myProject"/>
    <property name="file.separator" value="\"/>
    <property name="line.separator" value="&#10;"/>
    <property name="java.vm.specification.vendor" value="Oracle Corporation"/>
    <property name="java.specification.name" value="Java Platform API Specification"/>
    <property name="java.awt.graphicsenv" value="sun.awt.Win32GraphicsEnvironment"/>
    <property name="surefire.real.class.path" value="C:\Users\vamsi_000\AppData\Local\Temp\surefire5950161043172836094\surefirebooter2260371487803617549.jar"/>
    <property name="sun.boot.class.path" value="C:\Program Files\Java\jdk1.8.0_271\jre\lib\resources.jar;C:\Program Files\Java\jdk1.8.0_271\jre\lib\rt.jar;C:\Program Files\Java\jdk1.8.0_271\jre\lib\sunrsasign.jar;C:\Program Files\Java\jdk1.8.0_271\jre\lib\jsse.jar;C:\Program Files\Java\jdk1.8.0_271\jre\lib\jce.jar;C:\Program Files\Java\jdk1.8.0_271\jre\lib\charsets.jar;C:\Program Files\Java\jdk1.8.0_271\jre\lib\jfr.jar;C:\Program Files\Java\jdk1.8.0_271\jre\classes"/>
    <property name="user.script" value=""/>
    <property name="sun.management.compiler" value="HotSpot 64-Bit Tiered Compilers"/>
    <property name="java.runtime.version" value="1.8.0_271-b09"/>
    <property name="user.name" value="vamsi_000"/>
    <property name="path.separator" value=";"/>
    <property name="os.version" value="6.3"/>
    <property name="java.endorsed.dirs" value="C:\Program Files\Java\jdk1.8.0_271\jre\lib\endorsed"/>
    <property name="java.runtime.name" value="Java(TM) SE Runtime Environment"/>
    <property name="file.encoding" value="Cp1252"/>
    <property name="java.vm.name" value="Java HotSpot(TM) 64-Bit Server VM"/>
    <property name="localRepository" value="C:\Users\vamsi_000\.m2\repository"/>
    <property name="java.vendor.url.bug" value="http://bugreport.sun.com/bugreport/"/>
    <property name="java.io.tmpdir" value="C:\Users\VAMSI_~1\AppData\Local\Temp\"/>
    <property name="java.version" value="1.8.0_271"/>
    <property name="user.dir" value="D:\Ramya selenium\MyFramework\myProject"/>
    <property name="os.arch" value="amd64"/>
    <property name="java.vm.specification.name" value="Java Virtual Machine Specification"/>
    <property name="java.awt.printerjob" value="sun.awt.windows.WPrinterJob"/>
    <property name="sun.os.patch.level" value=""/>
    <property name="java.library.path" value="C:\Program Files\Java\jdk1.8.0_271\jre\bin;C:\Windows\Sun\Java\bin;C:\Windows\system32;C:\Windows;C:/Program Files/Java/jdk1.8.0_271/bin/../jre/bin/server;C:/Program Files/Java/jdk1.8.0_271/bin/../jre/bin;C:/Program Files/Java/jdk1.8.0_271/bin/../jre/lib/amd64;C:\Program Files\Java\jdk1.8.0_271\bin;C:\Users\vamsi_000\Desktop\Java\jdk-15\bin;D:\Ramya selenium\eclipse_64bit;;."/>
    <property name="java.vm.info" value="mixed mode"/>
    <property name="java.vendor" value="Oracle Corporation"/>
    <property name="java.vm.version" value="25.271-b09"/>
    <property name="java.ext.dirs" value="C:\Program Files\Java\jdk1.8.0_271\jre\lib\ext;C:\Windows\Sun\Java\lib\ext"/>
    <property name="sun.io.unicode.encoding" value="UnicodeLittle"/>
    <property name="java.class.version" value="52.0"/>
  </properties>
  <testcase name="testLoginToApplication[Login, Y, user123@test.com, test123](1)" classname="myProject.practest.test.testScripts.LoginTest" time="10.724">
    <system-out><![CDATA[[TestNGContentHandler] [WARN] It is strongly recommended to add "<!DOCTYPE suite SYSTEM "http://testng.org/testng-1.0.dtd" >" at the top of your file, otherwise TestNG may fail or not work as expected.
2020-10-21 21:42:39 INFO  Browser:33 - ************Chrome browser launched*****************
2020-10-21 21:42:39 INFO  TestBase:133 - Browser set to :Chrome
2020-10-21 21:42:39 INFO  WaitHelper:31 - Implicit wait has been set to :60
2020-10-21 21:42:39 INFO  WaitHelper:91 - waiting for page loading for :60
2020-10-21 21:42:39 INFO  WaitHelper:93 - page loaded in :60
2020-10-21 21:42:52 INFO  TestBase:72 - **************testLoginToApplicationStarted***************
2020-10-21 21:42:52 INFO  WaitHelper:98 - waiting for :[[ChromeDriver: chrome on WINDOWS (dd1e61ea60316d05eb156298f9176f50)] -> xpath: //a[@class='login']]--60seconds
2020-10-21 21:42:52 INFO  LoginPage:70 - clicked on sign in link...
2020-10-21 21:42:56 INFO  LoginPage:76 - entering email address....user123@test.com
2020-10-21 21:42:56 INFO  LoginPage:82 - entering password....test123
2020-10-21 21:42:56 INFO  LoginPage:88 - clicking on submit button...
2020-10-21 21:42:56 INFO  JSExecutorHelper:18 - JavaScriptHelper has been initialised
2020-10-21 21:42:59 INFO  WaitHelper:98 - waiting for :[[ChromeDriver: chrome on WINDOWS (dd1e61ea60316d05eb156298f9176f50)] -> xpath: //*[@id='block_top_menu']/ul/li[1]/a]--60seconds
2020-10-21 21:42:59 INFO  VerificationHelper:26 - Element displayed
2020-10-21 21:42:59 INFO  VerificationHelper:49 - element is displayed with text:Welcome to your account. Here you can manage all of your personal information and orders.
2020-10-21 21:43:02 INFO  LoginPage:142 - clicked on logout link
2020-10-21 21:43:02 INFO  WaitHelper:98 - waiting for :[[ChromeDriver: chrome on WINDOWS (dd1e61ea60316d05eb156298f9176f50)] -> xpath: //a[@class='login']]--60seconds
]]></system-out>
    <system-err><![CDATA[Oct 21, 2020 9:42:36 PM org.openqa.selenium.remote.DesiredCapabilities chrome
INFO: Using `new ChromeOptions()` is preferred to `DesiredCapabilities.chrome()`
Starting ChromeDriver 85.0.4183.87 (cd6713ebf92fa1cacc0f1a598df280093af0c5d7-refs/branch-heads/4183@{#1689}) on port 5227
Only local connections are allowed.
Please see https://chromedriver.chromium.org/security-considerations for suggestions on keeping ChromeDriver safe.
ChromeDriver was started successfully.
[1603296758.616][WARNING]: This version of ChromeDriver has not been tested with Chrome version 86.
Oct 21, 2020 9:42:39 PM org.openqa.selenium.remote.ProtocolHandshake createSession
INFO: Detected dialect: W3C
]]></system-err>
  </testcase>
  <testcase name="testLoginToApplication[Login, Y, user123@test.com, test123](2)" classname="myProject.practest.test.testScripts.LoginTest" time="12.314">
    <system-out><![CDATA[2020-10-21 21:43:03 INFO  TestBase:72 - **************testLoginToApplicationStarted***************
2020-10-21 21:43:03 INFO  WaitHelper:98 - waiting for :[[ChromeDriver: chrome on WINDOWS (dd1e61ea60316d05eb156298f9176f50)] -> xpath: //a[@class='login']]--60seconds
2020-10-21 21:43:03 INFO  LoginPage:70 - clicked on sign in link...
2020-10-21 21:43:07 INFO  LoginPage:76 - entering email address....user123@test.com
2020-10-21 21:43:07 INFO  LoginPage:82 - entering password....test123
2020-10-21 21:43:07 INFO  LoginPage:88 - clicking on submit button...
2020-10-21 21:43:07 INFO  JSExecutorHelper:18 - JavaScriptHelper has been initialised
2020-10-21 21:43:12 INFO  WaitHelper:98 - waiting for :[[ChromeDriver: chrome on WINDOWS (dd1e61ea60316d05eb156298f9176f50)] -> xpath: //*[@id='block_top_menu']/ul/li[1]/a]--60seconds
2020-10-21 21:43:12 INFO  VerificationHelper:26 - Element displayed
2020-10-21 21:43:12 INFO  VerificationHelper:49 - element is displayed with text:Welcome to your account. Here you can manage all of your personal information and orders.
2020-10-21 21:43:15 INFO  LoginPage:142 - clicked on logout link
2020-10-21 21:43:15 INFO  WaitHelper:98 - waiting for :[[ChromeDriver: chrome on WINDOWS (dd1e61ea60316d05eb156298f9176f50)] -> xpath: //a[@class='login']]--60seconds
]]></system-out>
  </testcase>
  <testcase name="testLoginToApplication[Login, N, user123@test.com, test123](3)" classname="myProject.practest.test.testScripts.LoginTest" time="0">
    <skipped message="Test not set for Run"/>
    <system-out><![CDATA[2020-10-21 21:43:15 INFO  TestBase:72 - **************testLoginToApplicationStarted***************
]]></system-out>
  </testcase>
  <testcase name="testApplicationRegistration" classname="myProject.practest.test.testScripts.RegistrationTest" time="17.244">
    <system-out><![CDATA[2020-10-21 21:43:18 INFO  Browser:33 - ************Chrome browser launched*****************
2020-10-21 21:43:18 INFO  TestBase:133 - Browser set to :Chrome
2020-10-21 21:43:18 INFO  WaitHelper:31 - Implicit wait has been set to :60
2020-10-21 21:43:18 INFO  WaitHelper:91 - waiting for page loading for :60
2020-10-21 21:43:18 INFO  WaitHelper:93 - page loaded in :60
2020-10-21 21:43:28 INFO  TestBase:72 - **************testApplicationRegistrationStarted***************
2020-10-21 21:43:28 INFO  WaitHelper:98 - waiting for :[[ChromeDriver: chrome on WINDOWS (5810b7beb443de3eb5c86a18e66a5809)] -> xpath: //a[@class='login']]--60seconds
2020-10-21 21:43:28 INFO  LoginPage:70 - clicked on sign in link...
2020-10-21 21:43:30 INFO  LoginPage:124 - entering registration email..1603296810371@gmail.com
2020-10-21 21:43:34 INFO  WaitHelper:98 - waiting for :[[ChromeDriver: chrome on WINDOWS (5810b7beb443de3eb5c86a18e66a5809)] -> xpath: //*[@id='id_gender1']]--60seconds
2020-10-21 21:43:34 INFO  RegistrationPage:110 - selecting mr checkbox..
2020-10-21 21:43:34 INFO  RegistrationPage:122 - entering firstName..firstName
2020-10-21 21:43:34 INFO  RegistrationPage:128 - entering lastname..lastname
2020-10-21 21:43:34 INFO  RegistrationPage:140 - entering password..password
2020-10-21 21:43:34 INFO  RegistrationPage:208 - entering address..address
2020-10-21 21:43:35 INFO  RegistrationPage:190 - entering yourAddressFirstName..yourAddressFirstName
2020-10-21 21:43:35 INFO  RegistrationPage:196 - entering yourAddressLastName..yourAddressLastName
2020-10-21 21:43:36 INFO  RegistrationPage:202 - entering yourAddressCompany..yourAddressCompany
2020-10-21 21:43:36 INFO  RegistrationPage:220 - entering yourAddressCity..yourAddressCity
2020-10-21 21:43:36 INFO  RegistrationPage:226 - entering yourAddressState..Alaska
2020-10-21 21:43:36 INFO  AlertHelper:26 - selectUsingValue and value is:Alaska
2020-10-21 21:43:36 INFO  RegistrationPage:233 - entering yourAddressPostCode..99501
2020-10-21 21:43:36 INFO  RegistrationPage:251 - entering mobilePhone..1111111111
2020-10-21 21:43:36 INFO  RegistrationPage:257 - entering addressAlias..addressAlias
2020-10-21 21:43:36 INFO  RegistrationPage:263 - clicked on registration..Register
2020-10-21 21:43:41 INFO  VerificationHelper:26 - Element displayed
2020-10-21 21:43:41 INFO  VerificationHelper:49 - element is displayed with text:Welcome to your account. Here you can manage all of your personal information and orders.
2020-10-21 21:43:45 INFO  LoginPage:142 - clicked on logout link
2020-10-21 21:43:45 INFO  WaitHelper:98 - waiting for :[[ChromeDriver: chrome on WINDOWS (5810b7beb443de3eb5c86a18e66a5809)] -> xpath: //a[@class='login']]--60seconds
]]></system-out>
    <system-err><![CDATA[Oct 21, 2020 9:43:16 PM org.openqa.selenium.remote.DesiredCapabilities chrome
INFO: Using `new ChromeOptions()` is preferred to `DesiredCapabilities.chrome()`
Starting ChromeDriver 85.0.4183.87 (cd6713ebf92fa1cacc0f1a598df280093af0c5d7-refs/branch-heads/4183@{#1689}) on port 12293
Only local connections are allowed.
Please see https://chromedriver.chromium.org/security-considerations for suggestions on keeping ChromeDriver safe.
ChromeDriver was started successfully.
[1603296797.920][WARNING]: This version of ChromeDriver has not been tested with Chrome version 86.
Oct 21, 2020 9:43:18 PM org.openqa.selenium.remote.ProtocolHandshake createSession
INFO: Detected dialect: W3C
]]></system-err>
  </testcase>
</testsuite>