<?xml version="1.0" encoding="UTF-8"?>
<!-- Generated by org.testng.reporters.JUnitReportReporter -->
<testsuite skipped="0" hostname="vamsi" name="myProject.practest.test.testScripts.RegistrationTest" tests="1" failures="0" timestamp="21 Oct 2020 16:13:46 GMT" time="17.258" errors="0">
  <testcase name="testApplicationRegistration" time="17.258" classname="myProject.practest.test.testScripts.RegistrationTest"/>
</testsuite> <!-- myProject.practest.test.testScripts.RegistrationTest -->
