<?xml version="1.0" encoding="UTF-8"?>
<!-- Generated by org.testng.reporters.JUnitReportReporter -->
<testsuite skipped="1" hostname="vamsi" name="myProject.practest.test.testScripts.LoginTest" tests="3" failures="0" timestamp="21 Oct 2020 16:13:46 GMT" time="23.057" errors="0">
  <testcase name="testLoginToApplication" time="0.003" classname="myProject.practest.test.testScripts.LoginTest">
    <skipped/>
  </testcase> <!-- testLoginToApplication -->
  <testcase name="testLoginToApplication" time="12.312" classname="myProject.practest.test.testScripts.LoginTest"/>
  <testcase name="testLoginToApplication" time="10.742" classname="myProject.practest.test.testScripts.LoginTest"/>
</testsuite> <!-- myProject.practest.test.testScripts.LoginTest -->
